Build started 02/07/2013 14:42:13.
     1>Project "C:\Users\Jenny\Documents\Visual Studio 2010\Projects\Square_Ising_Model_01_07_2013\Square_Ising_Model_01_07_2013\Square_Ising_Model_01_07_2013.vcxproj" on node 2 (build target(s)).
     1>InitializeBuildStatus:
         Creating "Debug\Square_Ising_Model_01_07_2013.unsuccessfulbuild" because "AlwaysCreate" was specified.
       ClCompile:
         c:\Program Files (x86)\Microsoft Visual Studio 10.0\VC\bin\CL.exe /c /ZI /nologo /W3 /WX- /Od /Oy- /D _MBCS /Gm /EHsc /RTC1 /MDd /GS /fp:precise /Zc:wchar_t /Zc:forScope /Fo"Debug\\" /Fd"Debug\vc100.pdb" /Gd /TP /analyze- /errorReport:prompt System.cpp
         System.cpp
       Link:
         c:\Program Files (x86)\Microsoft Visual Studio 10.0\VC\bin\link.exe /ERRORREPORT:PROMPT /OUT:"C:\Users\Jenny\Documents\Visual Studio 2010\Projects\Square_Ising_Model_01_07_2013\Debug\Square_Ising_Model_01_07_2013.exe" /NOLOGO kernel32.lib user32.lib gdi32.lib winspool.lib comdlg32.lib advapi32.lib shell32.lib ole32.lib oleaut32.lib uuid.lib odbc32.lib odbccp32.lib /MANIFEST /ManifestFile:"Debug\Square_Ising_Model_01_07_2013.exe.intermediate.manifest" /MANIFESTUAC:"level='asInvoker' uiAccess='false'" /DEBUG /PDB:"C:\Users\Jenny\Documents\Visual Studio 2010\Projects\Square_Ising_Model_01_07_2013\Debug\Square_Ising_Model_01_07_2013.pdb" /TLBID:1 /DYNAMICBASE /NXCOMPAT /IMPLIB:"C:\Users\Jenny\Documents\Visual Studio 2010\Projects\Square_Ising_Model_01_07_2013\Debug\Square_Ising_Model_01_07_2013.lib" /MACHINE:X86 Debug\Main.obj
         Debug\Particle.obj
         Debug\System.obj
         LINK : C:\Users\Jenny\Documents\Visual Studio 2010\Projects\Square_Ising_Model_01_07_2013\Debug\Square_Ising_Model_01_07_2013.exe not found or not built by the last incremental link; performing full link
         Square_Ising_Model_01_07_2013.vcxproj -> C:\Users\Jenny\Documents\Visual Studio 2010\Projects\Square_Ising_Model_01_07_2013\Debug\Square_Ising_Model_01_07_2013.exe
       Manifest:
         C:\Program Files (x86)\Microsoft SDKs\Windows\v7.0A\bin\mt.exe /nologo /verbose /outputresource:"C:\Users\Jenny\Documents\Visual Studio 2010\Projects\Square_Ising_Model_01_07_2013\Debug\Square_Ising_Model_01_07_2013.exe;#1" /manifest Debug\Square_Ising_Model_01_07_2013.exe.intermediate.manifest
       FinalizeBuildStatus:
         Deleting file "Debug\Square_Ising_Model_01_07_2013.unsuccessfulbuild".
         Touching "Debug\Square_Ising_Model_01_07_2013.lastbuildstate".
     1>Done Building Project "C:\Users\Jenny\Documents\Visual Studio 2010\Projects\Square_Ising_Model_01_07_2013\Square_Ising_Model_01_07_2013\Square_Ising_Model_01_07_2013.vcxproj" (build target(s)).

Build succeeded.

Time Elapsed 00:00:00.60
