

*******************************************************************************
Mon Mar 10 11:59:34 2014


FIT:    data read from "OutputMagnetisation6.txt" using 2:3
        format = x:z
	y range restricted to [0.00000 : 0.100000]
        #datapoints = 1683
        residuals are weighted equally (unit weight)

function used for fitting: g(x)
fitted parameters initialized with current variable values



*******************************************************************************
Mon Mar 10 11:59:54 2014


FIT:    data read from "OutputMagnetisation6.txt" using 2:3
        format = x:z
	y range restricted to [0.00000 : 0.100000]
        #datapoints = 1683
        residuals are weighted equally (unit weight)

function used for fitting: g(x)
fitted parameters initialized with current variable values



 Iteration 0
 WSSR        : 3.39857           delta(WSSR)/WSSR   : 0
 delta(WSSR) : 0                 limit for stopping : 1e-005
 lambda	  : 0.707327

initial set of free parameter values

c               = 1
d               = 1

After 4 iterations the fit converged.
final sum of squares of residuals : 0.000705238
rel. change during last iteration : -1.64414e-010

degrees of freedom    (FIT_NDF)                        : 1681
rms of residuals      (FIT_STDFIT) = sqrt(WSSR/ndf)    : 0.000647715
variance of residuals (reduced chisquare) = WSSR/ndf   : 4.19535e-007

Final set of parameters            Asymptotic Standard Error
=======================            ==========================

c               = 1.05804          +/- 2.041e-005   (0.001929%)
d               = -0.532063        +/- 0.0008181    (0.1538%)


correlation matrix of the fit parameters:

               c      d      
c               1.000 
d              -0.633  1.000 


*******************************************************************************
Mon Mar 10 14:11:17 2014


FIT:    data read from "OutputMagnetisation6.txt" using 2:3
        format = x:z
	y range restricted to [0.00000 : 0.100000]
        #datapoints = 1683
        residuals are weighted equally (unit weight)

function used for fitting: g(x)
fitted parameters initialized with current variable values



 Iteration 0
 WSSR        : 3.39857           delta(WSSR)/WSSR   : 0
 delta(WSSR) : 0                 limit for stopping : 1e-005
 lambda	  : 0.707327

initial set of free parameter values

c               = 1
d               = 1

After 4 iterations the fit converged.
final sum of squares of residuals : 0.000705238
rel. change during last iteration : -1.64414e-010

degrees of freedom    (FIT_NDF)                        : 1681
rms of residuals      (FIT_STDFIT) = sqrt(WSSR/ndf)    : 0.000647715
variance of residuals (reduced chisquare) = WSSR/ndf   : 4.19535e-007

Final set of parameters            Asymptotic Standard Error
=======================            ==========================

c               = 1.05804          +/- 2.041e-005   (0.001929%)
d               = -0.532063        +/- 0.0008181    (0.1538%)


correlation matrix of the fit parameters:

               c      d      
c               1.000 
d              -0.633  1.000 


*******************************************************************************
Mon Mar 10 14:12:50 2014


FIT:    data read from "OutputMagnetisation12.txt" using 2:3
        format = x:z
	y range restricted to [0.00000 : 0.100000]
        #datapoints = 1683
        residuals are weighted equally (unit weight)

function used for fitting: g(x)
fitted parameters initialized with current variable values



 Iteration 0
 WSSR        : 0.0679592         delta(WSSR)/WSSR   : 0
 delta(WSSR) : 0                 limit for stopping : 1e-005
 lambda	  : 0.707327

initial set of free parameter values

c               = 1.05804
d               = -0.532063

After 3 iterations the fit converged.
final sum of squares of residuals : 0.0006003
rel. change during last iteration : -3.72254e-007

degrees of freedom    (FIT_NDF)                        : 1681
rms of residuals      (FIT_STDFIT) = sqrt(WSSR/ndf)    : 0.000597586
variance of residuals (reduced chisquare) = WSSR/ndf   : 3.57109e-007

Final set of parameters            Asymptotic Standard Error
=======================            ==========================

c               = 1.06428          +/- 1.883e-005   (0.001769%)
d               = -0.526592        +/- 0.0007547    (0.1433%)


correlation matrix of the fit parameters:

               c      d      
c               1.000 
d              -0.633  1.000 


*******************************************************************************
Mon Mar 10 14:13:35 2014


FIT:    data read from "OutputMagnetisation18.txt" using 2:3
        format = x:z
	y range restricted to [0.00000 : 0.100000]
        #datapoints = 1683
        residuals are weighted equally (unit weight)

function used for fitting: g(x)
fitted parameters initialized with current variable values



 Iteration 0
 WSSR        : 0.40593           delta(WSSR)/WSSR   : 0
 delta(WSSR) : 0                 limit for stopping : 1e-005
 lambda	  : 0.707327

initial set of free parameter values

c               = 1.06428
d               = -0.526592

After 3 iterations the fit converged.
final sum of squares of residuals : 0.000652652
rel. change during last iteration : -1.46419e-007

degrees of freedom    (FIT_NDF)                        : 1681
rms of residuals      (FIT_STDFIT) = sqrt(WSSR/ndf)    : 0.000623099
variance of residuals (reduced chisquare) = WSSR/ndf   : 3.88252e-007

Final set of parameters            Asymptotic Standard Error
=======================            ==========================

c               = 1.07985          +/- 1.963e-005   (0.001818%)
d               = -0.529859        +/- 0.000787     (0.1485%)


correlation matrix of the fit parameters:

               c      d      
c               1.000 
d              -0.633  1.000 


*******************************************************************************
Mon Mar 10 15:25:02 2014


FIT:    data read from "OutputMagnetisation24.txt" using 2:3
        format = x:z
	y range restricted to [0.00000 : 0.100000]
        #datapoints = 1683
        residuals are weighted equally (unit weight)

function used for fitting: g(x)
fitted parameters initialized with current variable values



 Iteration 0
 WSSR        : 0.0401312         delta(WSSR)/WSSR   : 0
 delta(WSSR) : 0                 limit for stopping : 1e-005
 lambda	  : 0.707327

initial set of free parameter values

c               = 1.07985
d               = -0.529859

After 3 iterations the fit converged.
final sum of squares of residuals : 0.000626565
rel. change during last iteration : -1.74349e-008

degrees of freedom    (FIT_NDF)                        : 1681
rms of residuals      (FIT_STDFIT) = sqrt(WSSR/ndf)    : 0.000610519
variance of residuals (reduced chisquare) = WSSR/ndf   : 3.72733e-007

Final set of parameters            Asymptotic Standard Error
=======================            ==========================

c               = 1.08467          +/- 1.923e-005   (0.001773%)
d               = -0.528595        +/- 0.0007711    (0.1459%)


correlation matrix of the fit parameters:

               c      d      
c               1.000 
d              -0.633  1.000 


*******************************************************************************
Mon Mar 10 16:45:45 2014


FIT:    data read from "OutputMagnetisation24.txt" using 2:3
        format = x:z
	y range restricted to [0.00000 : 0.100000]
        #datapoints = 1683
        residuals are weighted equally (unit weight)

function used for fitting: g(x)
fitted parameters initialized with current variable values



*******************************************************************************
Mon Mar 10 16:45:52 2014


FIT:    data read from "OutputMagnetisation24.txt" using 2:3
        format = x:z
	y range restricted to [0.00000 : 0.100000]
        #datapoints = 1683
        residuals are weighted equally (unit weight)

function used for fitting: g(x)
fitted parameters initialized with current variable values



 Iteration 0
 WSSR        : 7.6298            delta(WSSR)/WSSR   : 0
 delta(WSSR) : 0                 limit for stopping : 1e-005
 lambda	  : 0.707327

initial set of free parameter values

c               = 1
d               = 1

After 4 iterations the fit converged.
final sum of squares of residuals : 0.000626565
rel. change during last iteration : -1.84331e-010

degrees of freedom    (FIT_NDF)                        : 1681
rms of residuals      (FIT_STDFIT) = sqrt(WSSR/ndf)    : 0.000610519
variance of residuals (reduced chisquare) = WSSR/ndf   : 3.72733e-007

Final set of parameters            Asymptotic Standard Error
=======================            ==========================

c               = 1.08467          +/- 1.923e-005   (0.001773%)
d               = -0.528595        +/- 0.0007711    (0.1459%)


correlation matrix of the fit parameters:

               c      d      
c               1.000 
d              -0.633  1.000 


*******************************************************************************
Wed Mar 12 10:56:40 2014


FIT:    data read from "OutputMagnetisation30.txt" using 2:3
        format = x:z
	y range restricted to [0.00000 : 0.100000]
        #datapoints = 1683
        residuals are weighted equally (unit weight)

function used for fitting: g(x)
fitted parameters initialized with current variable values



*******************************************************************************
Wed Mar 12 10:56:48 2014


FIT:    data read from "OutputMagnetisation30.txt" using 2:3
        format = x:z
	y range restricted to [0.00000 : 0.100000]
        #datapoints = 1683
        residuals are weighted equally (unit weight)

function used for fitting: g(x)
fitted parameters initialized with current variable values



 Iteration 0
 WSSR        : 3.19232           delta(WSSR)/WSSR   : 0
 delta(WSSR) : 0                 limit for stopping : 1e-005
 lambda	  : 0.707327

initial set of free parameter values

c               = 1
d               = 1

After 4 iterations the fit converged.
final sum of squares of residuals : 0.000641457
rel. change during last iteration : -1.79995e-010

degrees of freedom    (FIT_NDF)                        : 1681
rms of residuals      (FIT_STDFIT) = sqrt(WSSR/ndf)    : 0.000617732
variance of residuals (reduced chisquare) = WSSR/ndf   : 3.81593e-007

Final set of parameters            Asymptotic Standard Error
=======================            ==========================

c               = 1.05619          +/- 1.946e-005   (0.001843%)
d               = -0.528827        +/- 0.0007802    (0.1475%)


correlation matrix of the fit parameters:

               c      d      
c               1.000 
d              -0.633  1.000 


*******************************************************************************
Wed Mar 12 10:59:12 2014


FIT:    data read from "OutputMagnetisation30.txt" using 2:3
        format = x:z
	y range restricted to [0.00000 : 0.100000]
        #datapoints = 1683
        residuals are weighted equally (unit weight)

function used for fitting: g(x)
fitted parameters initialized with current variable values



 Iteration 0
 WSSR        : 0.000641457       delta(WSSR)/WSSR   : 0
 delta(WSSR) : 0                 limit for stopping : 1e-005
 lambda	  : 0.707327

initial set of free parameter values

c               = 1.05619
d               = -0.528827

After 1 iterations the fit converged.
final sum of squares of residuals : 0.000641457
rel. change during last iteration : -1.20005e-014

degrees of freedom    (FIT_NDF)                        : 1681
rms of residuals      (FIT_STDFIT) = sqrt(WSSR/ndf)    : 0.000617732
variance of residuals (reduced chisquare) = WSSR/ndf   : 3.81593e-007

Final set of parameters            Asymptotic Standard Error
=======================            ==========================

c               = 1.05619          +/- 1.946e-005   (0.001843%)
d               = -0.528827        +/- 0.0007802    (0.1475%)


correlation matrix of the fit parameters:

               c      d      
c               1.000 
d              -0.633  1.000 


*******************************************************************************
Wed Mar 12 10:59:18 2014


FIT:    data read from "OutputMagnetisation30.txt" using 2:3
        format = x:z
	y range restricted to [0.00000 : 0.100000]
        #datapoints = 1683
        residuals are weighted equally (unit weight)

function used for fitting: g(x)
fitted parameters initialized with current variable values



 Iteration 0
 WSSR        : 0.000641457       delta(WSSR)/WSSR   : 0
 delta(WSSR) : 0                 limit for stopping : 1e-005
 lambda	  : 0.707327

initial set of free parameter values

c               = 1.05619
d               = -0.528827

After 1 iterations the fit converged.
final sum of squares of residuals : 0.000641457
rel. change during last iteration : 0

degrees of freedom    (FIT_NDF)                        : 1681
rms of residuals      (FIT_STDFIT) = sqrt(WSSR/ndf)    : 0.000617732
variance of residuals (reduced chisquare) = WSSR/ndf   : 3.81593e-007

Final set of parameters            Asymptotic Standard Error
=======================            ==========================

c               = 1.05619          +/- 1.946e-005   (0.001843%)
d               = -0.528827        +/- 0.0007802    (0.1475%)


correlation matrix of the fit parameters:

               c      d      
c               1.000 
d              -0.633  1.000 


*******************************************************************************
Thu Mar 13 09:05:51 2014


FIT:    data read from "OutputMagnetisation30.txt" using 2:3
        format = x:z
	y range restricted to [0.00000 : 0.0100000]
        #datapoints = 1000
        residuals are weighted equally (unit weight)

function used for fitting: g(x)
fitted parameters initialized with current variable values



*******************************************************************************
Thu Mar 13 09:05:57 2014


FIT:    data read from "OutputMagnetisation30.txt" using 2:3
        format = x:z
	y range restricted to [0.00000 : 0.0100000]
        #datapoints = 1000
        residuals are weighted equally (unit weight)

function used for fitting: g(x)
fitted parameters initialized with current variable values



 Iteration 0
 WSSR        : 3.59759           delta(WSSR)/WSSR   : 0
 delta(WSSR) : 0                 limit for stopping : 1e-005
 lambda	  : 0.707117

initial set of free parameter values

c               = 1
d               = 1

After 5 iterations the fit converged.
final sum of squares of residuals : 2.19826e-008
rel. change during last iteration : -2.36512e-007

degrees of freedom    (FIT_NDF)                        : 998
rms of residuals      (FIT_STDFIT) = sqrt(WSSR/ndf)    : 4.69326e-006
variance of residuals (reduced chisquare) = WSSR/ndf   : 2.20267e-011

Final set of parameters            Asymptotic Standard Error
=======================            ==========================

c               = 1.0672           +/- 3.925e-007   (3.678e-005%)
d               = -0.457158        +/- 7.263e-005   (0.01589%)


correlation matrix of the fit parameters:

               c      d      
c               1.000 
d              -0.926  1.000 


*******************************************************************************
Thu Mar 13 09:06:24 2014


FIT:    data read from "OutputMagnetisation60.txt" using 2:3
        format = x:z
	y range restricted to [0.00000 : 0.0100000]
        #datapoints = 1000
        residuals are weighted equally (unit weight)

function used for fitting: g(x)
fitted parameters initialized with current variable values



 Iteration 0
 WSSR        : 0.13511           delta(WSSR)/WSSR   : 0
 delta(WSSR) : 0                 limit for stopping : 1e-005
 lambda	  : 0.707117

initial set of free parameter values

c               = 1.0672
d               = -0.457158

After 5 iterations the fit converged.
final sum of squares of residuals : 3.29498e-008
rel. change during last iteration : -1.348e-012

degrees of freedom    (FIT_NDF)                        : 998
rms of residuals      (FIT_STDFIT) = sqrt(WSSR/ndf)    : 5.74594e-006
variance of residuals (reduced chisquare) = WSSR/ndf   : 3.30159e-011

Final set of parameters            Asymptotic Standard Error
=======================            ==========================

c               = 1.05556          +/- 4.806e-007   (4.553e-005%)
d               = -0.454576        +/- 8.892e-005   (0.01956%)


correlation matrix of the fit parameters:

               c      d      
c               1.000 
d              -0.926  1.000 


*******************************************************************************
Fri Mar 14 16:45:35 2014


FIT:    data read from "OutputMagnetisation30.txt" using 2:3
        format = x:z
	y range restricted to [0.00000 : 0.0100000]
        #datapoints = 1000
        residuals are weighted equally (unit weight)

function used for fitting: g(x)
fitted parameters initialized with current variable values



 Iteration 0
 WSSR        : 3.59759           delta(WSSR)/WSSR   : 0
 delta(WSSR) : 0                 limit for stopping : 1e-005
 lambda	  : 0.707117

initial set of free parameter values

c               = 1
d               = 1

After 5 iterations the fit converged.
final sum of squares of residuals : 2.19826e-008
rel. change during last iteration : -2.36512e-007

degrees of freedom    (FIT_NDF)                        : 998
rms of residuals      (FIT_STDFIT) = sqrt(WSSR/ndf)    : 4.69326e-006
variance of residuals (reduced chisquare) = WSSR/ndf   : 2.20267e-011

Final set of parameters            Asymptotic Standard Error
=======================            ==========================

c               = 1.0672           +/- 3.925e-007   (3.678e-005%)
d               = -0.457158        +/- 7.263e-005   (0.01589%)


correlation matrix of the fit parameters:

               c      d      
c               1.000 
d              -0.926  1.000 


*******************************************************************************
Fri Mar 14 16:46:55 2014


FIT:    data read from "OutputMagnetisation60.txt" using 2:3
        format = x:z
	y range restricted to [0.00000 : 0.0100000]
        #datapoints = 1000
        residuals are weighted equally (unit weight)

function used for fitting: g(x)
fitted parameters initialized with current variable values



 Iteration 0
 WSSR        : 0.13511           delta(WSSR)/WSSR   : 0
 delta(WSSR) : 0                 limit for stopping : 1e-005
 lambda	  : 0.707117

initial set of free parameter values

c               = 1.0672
d               = -0.457158

After 5 iterations the fit converged.
final sum of squares of residuals : 3.29498e-008
rel. change during last iteration : -1.348e-012

degrees of freedom    (FIT_NDF)                        : 998
rms of residuals      (FIT_STDFIT) = sqrt(WSSR/ndf)    : 5.74594e-006
variance of residuals (reduced chisquare) = WSSR/ndf   : 3.30159e-011

Final set of parameters            Asymptotic Standard Error
=======================            ==========================

c               = 1.05556          +/- 4.806e-007   (4.553e-005%)
d               = -0.454576        +/- 8.892e-005   (0.01956%)


correlation matrix of the fit parameters:

               c      d      
c               1.000 
d              -0.926  1.000 


*******************************************************************************
Sun Mar 16 09:28:47 2014


FIT:    data read from "OutputMagnetisation12.txt" using 2:3
        format = x:z
	y range restricted to [0.00000 : 0.0100000]
        #datapoints = 1000
        residuals are weighted equally (unit weight)

function used for fitting: g(x)
fitted parameters initialized with current variable values



 Iteration 0
 WSSR        : 3.06256           delta(WSSR)/WSSR   : 0
 delta(WSSR) : 0                 limit for stopping : 1e-005
 lambda	  : 0.707117

initial set of free parameter values

c               = 1
d               = 1

After 5 iterations the fit converged.
final sum of squares of residuals : 2.76559e-008
rel. change during last iteration : -1.87948e-007

degrees of freedom    (FIT_NDF)                        : 998
rms of residuals      (FIT_STDFIT) = sqrt(WSSR/ndf)    : 5.26416e-006
variance of residuals (reduced chisquare) = WSSR/ndf   : 2.77113e-011

Final set of parameters            Asymptotic Standard Error
=======================            ==========================

c               = 1.06255          +/- 4.403e-007   (4.144e-005%)
d               = -0.456994        +/- 8.146e-005   (0.01783%)


correlation matrix of the fit parameters:

               c      d      
c               1.000 
d              -0.926  1.000 


*******************************************************************************
Sun Mar 16 09:29:31 2014


FIT:    data read from "OutputMagnetisation18.txt" using 2:3
        format = x:z
	y range restricted to [0.00000 : 0.0100000]
        #datapoints = 1000
        residuals are weighted equally (unit weight)

function used for fitting: g(x)
fitted parameters initialized with current variable values



 Iteration 0
 WSSR        : 0.0936463         delta(WSSR)/WSSR   : 0
 delta(WSSR) : 0                 limit for stopping : 1e-005
 lambda	  : 0.707117

initial set of free parameter values

c               = 1.06255
d               = -0.456994

After 4 iterations the fit converged.
final sum of squares of residuals : 2.97527e-008
rel. change during last iteration : -6.67571e-006

degrees of freedom    (FIT_NDF)                        : 998
rms of residuals      (FIT_STDFIT) = sqrt(WSSR/ndf)    : 5.46007e-006
variance of residuals (reduced chisquare) = WSSR/ndf   : 2.98124e-011

Final set of parameters            Asymptotic Standard Error
=======================            ==========================

c               = 1.07222          +/- 4.567e-007   (4.259e-005%)
d               = -0.455867        +/- 8.449e-005   (0.01853%)


correlation matrix of the fit parameters:

               c      d      
c               1.000 
d              -0.926  1.000 


*******************************************************************************
Sun Mar 16 09:30:05 2014


FIT:    data read from "OutputMagnetisation24.txt" using 2:3
        format = x:z
	y range restricted to [0.00000 : 0.0100000]
        #datapoints = 1000
        residuals are weighted equally (unit weight)

function used for fitting: g(x)
fitted parameters initialized with current variable values



 Iteration 0
 WSSR        : 0.00838001        delta(WSSR)/WSSR   : 0
 delta(WSSR) : 0                 limit for stopping : 1e-005
 lambda	  : 0.707117

initial set of free parameter values

c               = 1.07222
d               = -0.455867

After 4 iterations the fit converged.
final sum of squares of residuals : 2.76939e-008
rel. change during last iteration : -3.91114e-006

degrees of freedom    (FIT_NDF)                        : 998
rms of residuals      (FIT_STDFIT) = sqrt(WSSR/ndf)    : 5.26777e-006
variance of residuals (reduced chisquare) = WSSR/ndf   : 2.77494e-011

Final set of parameters            Asymptotic Standard Error
=======================            ==========================

c               = 1.07512          +/- 4.406e-007   (4.098e-005%)
d               = -0.456649        +/- 8.152e-005   (0.01785%)


correlation matrix of the fit parameters:

               c      d      
c               1.000 
d              -0.926  1.000 


*******************************************************************************
Sun Mar 16 09:30:32 2014


FIT:    data read from "OutputMagnetisation30.txt" using 2:3
        format = x:z
	y range restricted to [0.00000 : 0.0100000]
        #datapoints = 1000
        residuals are weighted equally (unit weight)

function used for fitting: g(x)
fitted parameters initialized with current variable values



 Iteration 0
 WSSR        : 0.125576          delta(WSSR)/WSSR   : 0
 delta(WSSR) : 0                 limit for stopping : 1e-005
 lambda	  : 0.707117

initial set of free parameter values

c               = 1.07512
d               = -0.456649

After 4 iterations the fit converged.
final sum of squares of residuals : 2.00988e-008
rel. change during last iteration : -5.39894e-007

degrees of freedom    (FIT_NDF)                        : 998
rms of residuals      (FIT_STDFIT) = sqrt(WSSR/ndf)    : 4.48766e-006
variance of residuals (reduced chisquare) = WSSR/ndf   : 2.01391e-011

Final set of parameters            Asymptotic Standard Error
=======================            ==========================

c               = 1.06391          +/- 3.753e-007   (3.528e-005%)
d               = -0.456453        +/- 6.945e-005   (0.01521%)


correlation matrix of the fit parameters:

               c      d      
c               1.000 
d              -0.926  1.000 


*******************************************************************************
Sun Mar 16 09:32:30 2014


FIT:    data read from "Temp_Extrapolations.txt" using ($1**(-2)):2
        format = x:z
	y range restricted to [0.00000 : 0.0100000]
        #datapoints = 4
        residuals are weighted equally (unit weight)

function used for fitting: g(x)
fitted parameters initialized with current variable values



 Iteration 0
 WSSR        : 0.000241867       delta(WSSR)/WSSR   : 0
 delta(WSSR) : 0                 limit for stopping : 1e-005
 lambda	  : 0.707112

initial set of free parameter values

c               = 1.06391
d               = -0.456453

After 6 iterations the fit converged.
final sum of squares of residuals : 8.88109e-005
rel. change during last iteration : -1.66059e-012

degrees of freedom    (FIT_NDF)                        : 2
rms of residuals      (FIT_STDFIT) = sqrt(WSSR/ndf)    : 0.00666374
variance of residuals (reduced chisquare) = WSSR/ndf   : 4.44054e-005

Final set of parameters            Asymptotic Standard Error
=======================            ==========================

c               = 1.07202          +/- 0.005789     (0.54%)
d               = -1.11015         +/- 1.47         (132.4%)


correlation matrix of the fit parameters:

               c      d      
c               1.000 
d              -0.818  1.000 


*******************************************************************************
Sun Mar 16 09:32:52 2014


FIT:    data read from "Temp_Extrapolations.txt" using ($1**(-2)):2
        format = x:z
	y range restricted to [0.00000 : 0.0100000]
        #datapoints = 3
        residuals are weighted equally (unit weight)

function used for fitting: g(x)
fitted parameters initialized with current variable values



 Iteration 0
 WSSR        : 4.14675e-005      delta(WSSR)/WSSR   : 0
 delta(WSSR) : 0                 limit for stopping : 1e-005
 lambda	  : 0.707114

initial set of free parameter values

c               = 1.07202
d               = -1.11015

After 6 iterations the fit converged.
final sum of squares of residuals : 7.97081e-008
rel. change during last iteration : -2.45057e-008

degrees of freedom    (FIT_NDF)                        : 1
rms of residuals      (FIT_STDFIT) = sqrt(WSSR/ndf)    : 0.000282326
variance of residuals (reduced chisquare) = WSSR/ndf   : 7.97081e-008

Final set of parameters            Asymptotic Standard Error
=======================            ==========================

c               = 1.07951          +/- 0.0003324    (0.03079%)
d               = -2.43397         +/- 0.07386      (3.035%)


correlation matrix of the fit parameters:

               c      d      
c               1.000 
d              -0.872  1.000 


*******************************************************************************
Tue Mar 25 12:59:16 2014


FIT:    data read from "OutputMagnetisation12.txt" using 2:3
        format = x:z
	y range restricted to [0.00000 : 0.0100000]
        #datapoints = 1000
        residuals are weighted equally (unit weight)

function used for fitting: g(x)
fitted parameters initialized with current variable values



 Iteration 0
 WSSR        : 7.65013           delta(WSSR)/WSSR   : 0
 delta(WSSR) : 0                 limit for stopping : 1e-005
 lambda	  : 0.707117

initial set of free parameter values

c               = 1
d               = 1

After 5 iterations the fit converged.
final sum of squares of residuals : 2.60896e-008
rel. change during last iteration : -1.99151e-007

degrees of freedom    (FIT_NDF)                        : 998
rms of residuals      (FIT_STDFIT) = sqrt(WSSR/ndf)    : 5.11291e-006
variance of residuals (reduced chisquare) = WSSR/ndf   : 2.61419e-011

Final set of parameters            Asymptotic Standard Error
=======================            ==========================

c               = 1.0947           +/- 4.276e-007   (3.906e-005%)
d               = -0.456546        +/- 7.912e-005   (0.01733%)


correlation matrix of the fit parameters:

               c      d      
c               1.000 
d              -0.926  1.000 


*******************************************************************************
Tue Mar 25 12:59:51 2014


FIT:    data read from "OutputMagnetisation18.txt" using 2:3
        format = x:z
	y range restricted to [0.00000 : 0.0100000]
        #datapoints = 1000
        residuals are weighted equally (unit weight)

function used for fitting: g(x)
fitted parameters initialized with current variable values



 Iteration 0
 WSSR        : 0.232605          delta(WSSR)/WSSR   : 0
 delta(WSSR) : 0                 limit for stopping : 1e-005
 lambda	  : 0.707117

initial set of free parameter values

c               = 1.0947
d               = -0.456546

After 4 iterations the fit converged.
final sum of squares of residuals : 2.96004e-008
rel. change during last iteration : -6.71294e-008

degrees of freedom    (FIT_NDF)                        : 998
rms of residuals      (FIT_STDFIT) = sqrt(WSSR/ndf)    : 5.44608e-006
variance of residuals (reduced chisquare) = WSSR/ndf   : 2.96598e-011

Final set of parameters            Asymptotic Standard Error
=======================            ==========================

c               = 1.07945          +/- 4.555e-007   (4.22e-005%)
d               = -0.456514        +/- 8.428e-005   (0.01846%)


correlation matrix of the fit parameters:

               c      d      
c               1.000 
d              -0.926  1.000 


*******************************************************************************
Tue Mar 25 13:00:39 2014


FIT:    data read from "OutputMagnetisation24.txt" using 2:3
        format = x:z
	y range restricted to [0.00000 : 0.0100000]
        #datapoints = 1000
        residuals are weighted equally (unit weight)

function used for fitting: g(x)
fitted parameters initialized with current variable values



 Iteration 0
 WSSR        : 0.00807404        delta(WSSR)/WSSR   : 0
 delta(WSSR) : 0                 limit for stopping : 1e-005
 lambda	  : 0.707117

initial set of free parameter values

c               = 1.07945
d               = -0.456514

After 4 iterations the fit converged.
final sum of squares of residuals : 2.79837e-008
rel. change during last iteration : -6.87056e-006

degrees of freedom    (FIT_NDF)                        : 998
rms of residuals      (FIT_STDFIT) = sqrt(WSSR/ndf)    : 5.29526e-006
variance of residuals (reduced chisquare) = WSSR/ndf   : 2.80397e-011

Final set of parameters            Asymptotic Standard Error
=======================            ==========================

c               = 1.0823           +/- 4.429e-007   (4.092e-005%)
d               = -0.457561        +/- 8.194e-005   (0.01791%)


correlation matrix of the fit parameters:

               c      d      
c               1.000 
d              -0.926  1.000 


*******************************************************************************
Thu Mar 27 13:41:51 2014


FIT:    data read from "OutputMagnetisation18.txt" using 2:3
        format = x:z
	y range restricted to [0.00000 : 0.0100000]
        #datapoints = 900
        residuals are weighted equally (unit weight)

function used for fitting: g(x)
fitted parameters initialized with current variable values



 Iteration 0
 WSSR        : 3.96331           delta(WSSR)/WSSR   : 0
 delta(WSSR) : 0                 limit for stopping : 1e-005
 lambda	  : 0.707118

initial set of free parameter values

c               = 1
d               = 1

After 5 iterations the fit converged.
final sum of squares of residuals : 2.3595e-008
rel. change during last iteration : -4.11776e-007

degrees of freedom    (FIT_NDF)                        : 898
rms of residuals      (FIT_STDFIT) = sqrt(WSSR/ndf)    : 5.12592e-006
variance of residuals (reduced chisquare) = WSSR/ndf   : 2.62751e-011

Final set of parameters            Asymptotic Standard Error
=======================            ==========================

c               = 1.07397          +/- 4.842e-007   (4.509e-005%)
d               = -0.456649        +/- 8.602e-005   (0.01884%)


correlation matrix of the fit parameters:

               c      d      
c               1.000 
d              -0.936  1.000 


*******************************************************************************
Thu Mar 27 13:42:08 2014


FIT:    data read from "OutputMagnetisation18.txt" using 2:3
        format = x:z
	y range restricted to [0.00000 : 0.0100000]
        #datapoints = 900
        residuals are weighted equally (unit weight)

function used for fitting: g(x)
fitted parameters initialized with current variable values



 Iteration 0
 WSSR        : 2.3595e-008       delta(WSSR)/WSSR   : 0
 delta(WSSR) : 0                 limit for stopping : 1e-005
 lambda	  : 0.707118

initial set of free parameter values

c               = 1.07397
d               = -0.456649

After 1 iterations the fit converged.
final sum of squares of residuals : 2.3595e-008
rel. change during last iteration : -5.67931e-013

degrees of freedom    (FIT_NDF)                        : 898
rms of residuals      (FIT_STDFIT) = sqrt(WSSR/ndf)    : 5.12592e-006
variance of residuals (reduced chisquare) = WSSR/ndf   : 2.62751e-011

Final set of parameters            Asymptotic Standard Error
=======================            ==========================

c               = 1.07397          +/- 4.842e-007   (4.509e-005%)
d               = -0.456649        +/- 8.602e-005   (0.01884%)


correlation matrix of the fit parameters:

               c      d      
c               1.000 
d              -0.936  1.000 


*******************************************************************************
Thu Mar 27 14:15:04 2014


FIT:    data read from "OutputMagnetisation12.txt" using 2:3
        format = x:z
	y range restricted to [0.00000 : 0.0100000]
        #datapoints = 1000
        residuals are weighted equally (unit weight)

function used for fitting: g(x)
fitted parameters initialized with current variable values



 Iteration 0
 WSSR        : 0.429878          delta(WSSR)/WSSR   : 0
 delta(WSSR) : 0                 limit for stopping : 1e-005
 lambda	  : 0.707117

initial set of free parameter values

c               = 1.07397
d               = -0.456649

After 3 iterations the fit converged.
final sum of squares of residuals : 2.60896e-008
rel. change during last iteration : -3.10781e-008

degrees of freedom    (FIT_NDF)                        : 998
rms of residuals      (FIT_STDFIT) = sqrt(WSSR/ndf)    : 5.11291e-006
variance of residuals (reduced chisquare) = WSSR/ndf   : 2.61419e-011

Final set of parameters            Asymptotic Standard Error
=======================            ==========================

c               = 1.0947           +/- 4.276e-007   (3.906e-005%)
d               = -0.456546        +/- 7.912e-005   (0.01733%)


correlation matrix of the fit parameters:

               c      d      
c               1.000 
d              -0.926  1.000 


*******************************************************************************
Fri Mar 28 17:19:40 2014


FIT:    data read from "OutputMagnetisation.txt" using 2:3
        format = x:z
	y range restricted to [0.00000 : 0.0100000]
        #datapoints = 1000
        residuals are weighted equally (unit weight)

function used for fitting: g(x)
fitted parameters initialized with current variable values



 Iteration 0
 WSSR        : 3.04512           delta(WSSR)/WSSR   : 0
 delta(WSSR) : 0                 limit for stopping : 1e-005
 lambda	  : 0.707117

initial set of free parameter values

c               = 1
d               = 1

After 5 iterations the fit converged.
final sum of squares of residuals : 2.955e-008
rel. change during last iteration : -1.75765e-007

degrees of freedom    (FIT_NDF)                        : 998
rms of residuals      (FIT_STDFIT) = sqrt(WSSR/ndf)    : 5.44143e-006
variance of residuals (reduced chisquare) = WSSR/ndf   : 2.96092e-011

Final set of parameters            Asymptotic Standard Error
=======================            ==========================

c               = 1.06239          +/- 4.551e-007   (4.284e-005%)
d               = -0.456435        +/- 8.421e-005   (0.01845%)


correlation matrix of the fit parameters:

               c      d      
c               1.000 
d              -0.926  1.000 


*******************************************************************************
Fri Mar 28 17:19:58 2014


FIT:    data read from "OutputMagnetisation.txt" using 2:3
        format = x:z
	y range restricted to [0.00000 : 0.0100000]
        #datapoints = 1000
        residuals are weighted equally (unit weight)

function used for fitting: g(x)
fitted parameters initialized with current variable values



 Iteration 0
 WSSR        : 2.955e-008        delta(WSSR)/WSSR   : 0
 delta(WSSR) : 0                 limit for stopping : 1e-005
 lambda	  : 0.707117

initial set of free parameter values

c               = 1.06239
d               = -0.456435

After 1 iterations the fit converged.
final sum of squares of residuals : 2.955e-008
rel. change during last iteration : 0

degrees of freedom    (FIT_NDF)                        : 998
rms of residuals      (FIT_STDFIT) = sqrt(WSSR/ndf)    : 5.44143e-006
variance of residuals (reduced chisquare) = WSSR/ndf   : 2.96092e-011

Final set of parameters            Asymptotic Standard Error
=======================            ==========================

c               = 1.06239          +/- 4.551e-007   (4.284e-005%)
d               = -0.456435        +/- 8.421e-005   (0.01845%)


correlation matrix of the fit parameters:

               c      d      
c               1.000 
d              -0.926  1.000 


*******************************************************************************
Fri Mar 28 21:54:27 2014


FIT:    data read from "OutputMagnetisation12.txt" using 2:3
        format = x:z
	y range restricted to [0.00000 : 0.0100000]
        #datapoints = 1000
        residuals are weighted equally (unit weight)

function used for fitting: g(x)
fitted parameters initialized with current variable values



 Iteration 0
 WSSR        : 1153.49           delta(WSSR)/WSSR   : 0
 delta(WSSR) : 0                 limit for stopping : 1e-005
 lambda	  : 0.707117

initial set of free parameter values

c               = -2.25171e-005
d               = -0.120183

After 5 iterations the fit converged.
final sum of squares of residuals : 2.94994e-008
rel. change during last iteration : -9.74218e-009

degrees of freedom    (FIT_NDF)                        : 998
rms of residuals      (FIT_STDFIT) = sqrt(WSSR/ndf)    : 5.43677e-006
variance of residuals (reduced chisquare) = WSSR/ndf   : 2.95585e-011

Final set of parameters            Asymptotic Standard Error
=======================            ==========================

c               = 1.07567          +/- 4.547e-007   (4.227e-005%)
d               = -0.457476        +/- 8.413e-005   (0.01839%)


correlation matrix of the fit parameters:

               c      d      
c               1.000 
d              -0.926  1.000 
