Build started 27/03/2014 18:52:25.
     1>Project "C:\Users\Jenny\Ising Model\Spin_One_Ising_Model_Glauber_Correct_Triangle\Spin_One_Ising_Model_With_Boost\Glauber_S_1_Triangle\Glauber_S_1_Triangle.vcxproj" on node 2 (build target(s)).
     1>InitializeBuildStatus:
         Creating "Debug\Glauber_S_1_Triangle.unsuccessfulbuild" because "AlwaysCreate" was specified.
       ClCompile:
         c:\Program Files (x86)\Microsoft Visual Studio 10.0\VC\bin\CL.exe /c /ZI /nologo /W3 /WX- /Od /Oy- /D _MBCS /Gm /EHsc /RTC1 /MDd /GS /fp:precise /Zc:wchar_t /Zc:forScope /Fo"Debug\\" /Fd"Debug\vc100.pdb" /Gd /TP /analyze- /errorReport:prompt Main.cpp
         Main.cpp
       Link:
         c:\Program Files (x86)\Microsoft Visual Studio 10.0\VC\bin\link.exe /ERRORREPORT:PROMPT /OUT:"C:\Users\Jenny\Ising Model\Spin_One_Ising_Model_Glauber_Correct_Triangle\Spin_One_Ising_Model_With_Boost\Debug\Glauber_S_1_Triangle.exe" /NOLOGO kernel32.lib user32.lib gdi32.lib winspool.lib comdlg32.lib advapi32.lib shell32.lib ole32.lib oleaut32.lib uuid.lib odbc32.lib odbccp32.lib /MANIFEST /ManifestFile:"Debug\Glauber_S_1_Triangle.exe.intermediate.manifest" /MANIFESTUAC:"level='asInvoker' uiAccess='false'" /DEBUG /PDB:"C:\Users\Jenny\Ising Model\Spin_One_Ising_Model_Glauber_Correct_Triangle\Spin_One_Ising_Model_With_Boost\Debug\Glauber_S_1_Triangle.pdb" /TLBID:1 /DYNAMICBASE /NXCOMPAT /IMPLIB:"C:\Users\Jenny\Ising Model\Spin_One_Ising_Model_Glauber_Correct_Triangle\Spin_One_Ising_Model_With_Boost\Debug\Glauber_S_1_Triangle.lib" /MACHINE:X86 Debug\Main.obj
         Debug\Particle.obj
         Debug\System.obj
         LINK : C:\Users\Jenny\Ising Model\Spin_One_Ising_Model_Glauber_Correct_Triangle\Spin_One_Ising_Model_With_Boost\Debug\Glauber_S_1_Triangle.exe not found or not built by the last incremental link; performing full link
         Glauber_S_1_Triangle.vcxproj -> C:\Users\Jenny\Ising Model\Spin_One_Ising_Model_Glauber_Correct_Triangle\Spin_One_Ising_Model_With_Boost\Debug\Glauber_S_1_Triangle.exe
       Manifest:
         C:\Program Files (x86)\Microsoft SDKs\Windows\v7.0A\bin\mt.exe /nologo /verbose /outputresource:"C:\Users\Jenny\Ising Model\Spin_One_Ising_Model_Glauber_Correct_Triangle\Spin_One_Ising_Model_With_Boost\Debug\Glauber_S_1_Triangle.exe;#1" /manifest Debug\Glauber_S_1_Triangle.exe.intermediate.manifest
       FinalizeBuildStatus:
         Deleting file "Debug\Glauber_S_1_Triangle.unsuccessfulbuild".
         Touching "Debug\Glauber_S_1_Triangle.lastbuildstate".
     1>Done Building Project "C:\Users\Jenny\Ising Model\Spin_One_Ising_Model_Glauber_Correct_Triangle\Spin_One_Ising_Model_With_Boost\Glauber_S_1_Triangle\Glauber_S_1_Triangle.vcxproj" (build target(s)).

Build succeeded.

Time Elapsed 00:00:01.79
