Build started 06/10/2013 13:38:35.
     1>Project "c:\Users\Jenny\documents\visual studio 2010\Projects\Kawasaki_s_1_4_newkind\Kawasaki_s_1_4_newkind\Kawasaki_s_1_4_newkind.vcxproj" on node 2 (build target(s)).
     1>InitializeBuildStatus:
         Creating "Debug\Kawasaki_s_1_4_newkind.unsuccessfulbuild" because "AlwaysCreate" was specified.
       ClCompile:
         All outputs are up-to-date.
       Link:
         c:\Program Files (x86)\Microsoft Visual Studio 10.0\VC\bin\link.exe /ERRORREPORT:PROMPT /OUT:"c:\users\jenny\documents\visual studio 2010\Projects\Kawasaki_s_1_4_newkind\Debug\Kawasaki_s_1_4_newkind.exe" /NOLOGO kernel32.lib user32.lib gdi32.lib winspool.lib comdlg32.lib advapi32.lib shell32.lib ole32.lib oleaut32.lib uuid.lib odbc32.lib odbccp32.lib /MANIFEST /ManifestFile:"Debug\Kawasaki_s_1_4_newkind.exe.intermediate.manifest" /MANIFESTUAC:"level='asInvoker' uiAccess='false'" /DEBUG /PDB:"c:\users\jenny\documents\visual studio 2010\Projects\Kawasaki_s_1_4_newkind\Debug\Kawasaki_s_1_4_newkind.pdb" /TLBID:1 /DYNAMICBASE /NXCOMPAT /IMPLIB:"c:\users\jenny\documents\visual studio 2010\Projects\Kawasaki_s_1_4_newkind\Debug\Kawasaki_s_1_4_newkind.lib" /MACHINE:X86 Debug\Main.obj
         Debug\Particle.obj
         Debug\System.obj
         LINK : c:\users\jenny\documents\visual studio 2010\Projects\Kawasaki_s_1_4_newkind\Debug\Kawasaki_s_1_4_newkind.exe not found or not built by the last incremental link; performing full link
         Kawasaki_s_1_4_newkind.vcxproj -> c:\users\jenny\documents\visual studio 2010\Projects\Kawasaki_s_1_4_newkind\Debug\Kawasaki_s_1_4_newkind.exe
       Manifest:
         C:\Program Files (x86)\Microsoft SDKs\Windows\v7.0A\bin\mt.exe /nologo /verbose /outputresource:"c:\users\jenny\documents\visual studio 2010\Projects\Kawasaki_s_1_4_newkind\Debug\Kawasaki_s_1_4_newkind.exe;#1" /manifest Debug\Kawasaki_s_1_4_newkind.exe.intermediate.manifest
       FinalizeBuildStatus:
         Deleting file "Debug\Kawasaki_s_1_4_newkind.unsuccessfulbuild".
         Touching "Debug\Kawasaki_s_1_4_newkind.lastbuildstate".
     1>Done Building Project "c:\Users\Jenny\documents\visual studio 2010\Projects\Kawasaki_s_1_4_newkind\Kawasaki_s_1_4_newkind\Kawasaki_s_1_4_newkind.vcxproj" (build target(s)).

Build succeeded.

Time Elapsed 00:00:00.31
