Build started 29/08/2013 18:18:29.
     1>Project "C:\Users\Jenny\Documents\Visual Studio 2010\Projects\Triangle_Kawa_S1_23_08\Triangle_Kawa_S1_23_08\Triangle_Kawa_S1_23_08.vcxproj" on node 2 (build target(s)).
     1>InitializeBuildStatus:
         Creating "Debug\Triangle_Kawa_S1_23_08.unsuccessfulbuild" because "AlwaysCreate" was specified.
       ClCompile:
         c:\Program Files (x86)\Microsoft Visual Studio 10.0\VC\bin\CL.exe /c /ZI /nologo /W3 /WX- /Od /Oy- /D _MBCS /Gm /EHsc /RTC1 /MDd /GS /fp:precise /Zc:wchar_t /Zc:forScope /Fo"Debug\\" /Fd"Debug\vc100.pdb" /Gd /TP /analyze- /errorReport:prompt Main.cpp System.cpp
         System.cpp
         Main.cpp
     1>c:\users\jenny\documents\visual studio 2010\projects\triangle_kawa_s1_23_08\triangle_kawa_s1_23_08\main.cpp(22): warning C4244: 'argument' : conversion from 'time_t' to 'unsigned int', possible loss of data
         Generating Code...
     1>c:\users\jenny\documents\visual studio 2010\projects\triangle_kawa_s1_23_08\triangle_kawa_s1_23_08\system.cpp(914): warning C4715: 'System::Get_Lattice' : not all control paths return a value
       Link:
         c:\Program Files (x86)\Microsoft Visual Studio 10.0\VC\bin\link.exe /ERRORREPORT:PROMPT /OUT:"C:\Users\Jenny\Documents\Visual Studio 2010\Projects\Triangle_Kawa_S1_23_08\Debug\Triangle_Kawa_S1_23_08.exe" /NOLOGO kernel32.lib user32.lib gdi32.lib winspool.lib comdlg32.lib advapi32.lib shell32.lib ole32.lib oleaut32.lib uuid.lib odbc32.lib odbccp32.lib /MANIFEST /ManifestFile:"Debug\Triangle_Kawa_S1_23_08.exe.intermediate.manifest" /MANIFESTUAC:"level='asInvoker' uiAccess='false'" /DEBUG /PDB:"C:\Users\Jenny\Documents\Visual Studio 2010\Projects\Triangle_Kawa_S1_23_08\Debug\Triangle_Kawa_S1_23_08.pdb" /TLBID:1 /DYNAMICBASE /NXCOMPAT /IMPLIB:"C:\Users\Jenny\Documents\Visual Studio 2010\Projects\Triangle_Kawa_S1_23_08\Debug\Triangle_Kawa_S1_23_08.lib" /MACHINE:X86 Debug\Main.obj
         Debug\Particle.obj
         Debug\System.obj
         LINK : C:\Users\Jenny\Documents\Visual Studio 2010\Projects\Triangle_Kawa_S1_23_08\Debug\Triangle_Kawa_S1_23_08.exe not found or not built by the last incremental link; performing full link
         Triangle_Kawa_S1_23_08.vcxproj -> C:\Users\Jenny\Documents\Visual Studio 2010\Projects\Triangle_Kawa_S1_23_08\Debug\Triangle_Kawa_S1_23_08.exe
       Manifest:
         C:\Program Files (x86)\Microsoft SDKs\Windows\v7.0A\bin\mt.exe /nologo /verbose /outputresource:"C:\Users\Jenny\Documents\Visual Studio 2010\Projects\Triangle_Kawa_S1_23_08\Debug\Triangle_Kawa_S1_23_08.exe;#1" /manifest Debug\Triangle_Kawa_S1_23_08.exe.intermediate.manifest
       FinalizeBuildStatus:
         Deleting file "Debug\Triangle_Kawa_S1_23_08.unsuccessfulbuild".
         Touching "Debug\Triangle_Kawa_S1_23_08.lastbuildstate".
     1>Done Building Project "C:\Users\Jenny\Documents\Visual Studio 2010\Projects\Triangle_Kawa_S1_23_08\Triangle_Kawa_S1_23_08\Triangle_Kawa_S1_23_08.vcxproj" (build target(s)).

Build succeeded.

Time Elapsed 00:00:01.52
