Build started 21/08/2013 16:23:06.
     1>Project "C:\Users\Jenny\Documents\Visual Studio 2010\Projects\Ising_Models_Third_Year_Summer\Final_Working_Models_Third_Year_Summer\Glauber_S_1_Square\Glauber_S_1_Square\Glauber_S_1_Square.vcxproj" on node 2 (build target(s)).
     1>InitializeBuildStatus:
         Creating "Debug\Glauber_S_1_Square.unsuccessfulbuild" because "AlwaysCreate" was specified.
       ClCompile:
         c:\Program Files (x86)\Microsoft Visual Studio 10.0\VC\bin\CL.exe /c /ZI /nologo /W3 /WX- /Od /Oy- /D _MBCS /Gm /EHsc /RTC1 /MDd /GS /fp:precise /Zc:wchar_t /Zc:forScope /Fo"Debug\\" /Fd"Debug\vc100.pdb" /Gd /TP /analyze- /errorReport:prompt Main.cpp System.cpp
         System.cpp
         Main.cpp
     1>c:\users\jenny\documents\visual studio 2010\projects\ising_models_third_year_summer\final_working_models_third_year_summer\glauber_s_1_square\glauber_s_1_square\main.cpp(24): warning C4244: 'argument' : conversion from 'time_t' to 'unsigned int', possible loss of data
         Generating Code...
       Link:
         c:\Program Files (x86)\Microsoft Visual Studio 10.0\VC\bin\link.exe /ERRORREPORT:PROMPT /OUT:"C:\Users\Jenny\Documents\Visual Studio 2010\Projects\Ising_Models_Third_Year_Summer\Final_Working_Models_Third_Year_Summer\Glauber_S_1_Square\Debug\Glauber_S_1_Square.exe" /NOLOGO kernel32.lib user32.lib gdi32.lib winspool.lib comdlg32.lib advapi32.lib shell32.lib ole32.lib oleaut32.lib uuid.lib odbc32.lib odbccp32.lib /MANIFEST /ManifestFile:"Debug\Glauber_S_1_Square.exe.intermediate.manifest" /MANIFESTUAC:"level='asInvoker' uiAccess='false'" /DEBUG /PDB:"C:\Users\Jenny\Documents\Visual Studio 2010\Projects\Ising_Models_Third_Year_Summer\Final_Working_Models_Third_Year_Summer\Glauber_S_1_Square\Debug\Glauber_S_1_Square.pdb" /TLBID:1 /DYNAMICBASE /NXCOMPAT /IMPLIB:"C:\Users\Jenny\Documents\Visual Studio 2010\Projects\Ising_Models_Third_Year_Summer\Final_Working_Models_Third_Year_Summer\Glauber_S_1_Square\Debug\Glauber_S_1_Square.lib" /MACHINE:X86 Debug\Main.obj
         Debug\Particle.obj
         Debug\System.obj
         LINK : C:\Users\Jenny\Documents\Visual Studio 2010\Projects\Ising_Models_Third_Year_Summer\Final_Working_Models_Third_Year_Summer\Glauber_S_1_Square\Debug\Glauber_S_1_Square.exe not found or not built by the last incremental link; performing full link
         Glauber_S_1_Square.vcxproj -> C:\Users\Jenny\Documents\Visual Studio 2010\Projects\Ising_Models_Third_Year_Summer\Final_Working_Models_Third_Year_Summer\Glauber_S_1_Square\Debug\Glauber_S_1_Square.exe
       Manifest:
         C:\Program Files (x86)\Microsoft SDKs\Windows\v7.0A\bin\mt.exe /nologo /verbose /outputresource:"C:\Users\Jenny\Documents\Visual Studio 2010\Projects\Ising_Models_Third_Year_Summer\Final_Working_Models_Third_Year_Summer\Glauber_S_1_Square\Debug\Glauber_S_1_Square.exe;#1" /manifest Debug\Glauber_S_1_Square.exe.intermediate.manifest
       FinalizeBuildStatus:
         Deleting file "Debug\Glauber_S_1_Square.unsuccessfulbuild".
         Touching "Debug\Glauber_S_1_Square.lastbuildstate".
     1>Done Building Project "C:\Users\Jenny\Documents\Visual Studio 2010\Projects\Ising_Models_Third_Year_Summer\Final_Working_Models_Third_Year_Summer\Glauber_S_1_Square\Glauber_S_1_Square\Glauber_S_1_Square.vcxproj" (build target(s)).

Build succeeded.

Time Elapsed 00:00:01.68
